TN:
SF:/home/travis/build/MaibornWolff/codecharta/visualization/app/codeCharta/codeCharta.js
FN:22,(anonymous_0)
FNF:1
FNH:0
FNDA:0,(anonymous_0)
DA:3,1
DA:4,1
DA:5,1
DA:7,1
DA:8,1
DA:10,1
DA:15,1
DA:20,1
DA:22,0
LF:9
LH:8
BRF:0
BRH:0
end_of_record
TN:
SF:/home/travis/build/MaibornWolff/codecharta/visualization/app/codeCharta/codeCharta.spec.js
FN:3,(anonymous_0)
FN:7,(anonymous_1)
FNF:2
FNH:2
FNDA:1,(anonymous_0)
FNDA:1,(anonymous_1)
DA:1,1
DA:3,1
DA:5,1
DA:7,1
DA:8,1
LF:5
LH:5
BRF:0
BRH:0
end_of_record
TN:
SF:/home/travis/build/MaibornWolff/codecharta/visualization/app/codeCharta/codeChartaController.js
FN:16,CodeChartaController
FN:37,(anonymous_7)
FN:41,(anonymous_8)
FN:44,(anonymous_9)
FN:50,(anonymous_10)
FN:56,(anonymous_11)
FN:60,(anonymous_12)
FN:64,(anonymous_13)
FN:70,(anonymous_14)
FN:94,(anonymous_17)
FN:100,(anonymous_18)
FNF:11
FNH:4
FNDA:6,CodeChartaController
FNDA:0,(anonymous_7)
FNDA:0,(anonymous_8)
FNDA:0,(anonymous_9)
FNDA:6,(anonymous_10)
FNDA:0,(anonymous_11)
FNDA:0,(anonymous_12)
FNDA:0,(anonymous_13)
FNDA:0,(anonymous_14)
FNDA:1,(anonymous_17)
FNDA:2,(anonymous_18)
DA:16,6
DA:17,6
DA:18,6
DA:19,6
DA:30,6
DA:32,6
DA:40,0
DA:42,0
DA:44,0
DA:53,6
DA:59,0
DA:61,0
DA:62,0
DA:64,0
DA:71,0
DA:86,0
DA:94,6
DA:95,1
DA:96,1
DA:100,6
DA:101,2
DA:102,2
DA:113,0
DA:114,0
LF:24
LH:13
BRDA:95,0,0,1
BRDA:95,0,1,0
BRDA:101,1,0,2
BRDA:101,1,1,0
BRDA:101,2,0,2
BRDA:101,2,1,2
BRDA:101,2,2,1
BRF:7
BRH:5
end_of_record
TN:
SF:/home/travis/build/MaibornWolff/codecharta/visualization/app/codeCharta/codeChartaController.spec.js
FN:6,(anonymous_0)
FN:12,(anonymous_1)
FN:24,(anonymous_2)
FN:53,(anonymous_3)
FN:55,(anonymous_4)
FN:72,(anonymous_5)
FN:74,(anonymous_6)
FN:89,(anonymous_7)
FN:91,(anonymous_8)
FN:109,(anonymous_9)
FN:111,(anonymous_10)
FN:136,(anonymous_11)
FN:138,(anonymous_12)
FNF:13
FNH:13
FNDA:1,(anonymous_0)
FNDA:6,(anonymous_1)
FNDA:1,(anonymous_2)
FNDA:1,(anonymous_3)
FNDA:1,(anonymous_4)
FNDA:1,(anonymous_5)
FNDA:1,(anonymous_6)
FNDA:1,(anonymous_7)
FNDA:1,(anonymous_8)
FNDA:1,(anonymous_9)
FNDA:1,(anonymous_10)
FNDA:1,(anonymous_11)
FNDA:1,(anonymous_12)
DA:1,1
DA:6,1
DA:10,1
DA:12,1
DA:13,6
DA:14,6
DA:15,6
DA:16,6
DA:17,6
DA:18,6
DA:24,1
DA:26,1
DA:28,1
DA:30,1
DA:31,1
DA:32,1
DA:33,1
DA:35,1
DA:36,1
DA:37,1
DA:38,1
DA:40,1
DA:41,1
DA:42,1
DA:44,1
DA:46,1
DA:53,1
DA:55,1
DA:57,1
DA:61,1
DA:63,1
DA:65,1
DA:72,1
DA:74,1
DA:76,1
DA:80,1
DA:81,1
DA:82,1
DA:89,1
DA:91,1
DA:93,1
DA:97,1
DA:99,1
DA:101,1
DA:109,1
DA:111,1
DA:113,1
DA:117,1
DA:121,1
DA:122,1
DA:124,1
DA:126,1
DA:128,1
DA:136,1
DA:138,1
DA:140,1
DA:144,1
DA:148,1
DA:149,1
DA:151,1
DA:153,1
DA:155,1
LF:62
LH:62
BRF:0
BRH:0
end_of_record
TN:
SF:/home/travis/build/MaibornWolff/codecharta/visualization/app/codeCharta/codeChartaDirective.js
FNF:0
FNH:0
DA:3,1
DA:10,0
DA:11,0
DA:12,0
DA:13,0
DA:14,0
DA:15,0
DA:16,0
LF:8
LH:1
BRF:0
BRH:0
end_of_record
TN:
SF:/home/travis/build/MaibornWolff/codecharta/visualization/app/codeCharta/codeMap/codeMap.js
FN:17,(anonymous_1)
FN:37,(anonymous_2)
FN:38,positive
FN:39,neutral
FN:40,negative
FN:41,odd
FN:42,even
FN:43,selected
FN:44,_default
FN:45,positiveDelta
FN:46,negativeDelta
FNF:11
FNH:10
FNDA:0,(anonymous_1)
FNDA:35,(anonymous_2)
FNDA:35,positive
FNDA:35,neutral
FNDA:35,negative
FNDA:35,odd
FNDA:35,even
FNDA:35,selected
FNDA:35,_default
FNDA:35,positiveDelta
FNDA:35,negativeDelta
DA:3,1
DA:5,1
DA:6,1
DA:8,1
DA:9,1
DA:10,1
DA:11,1
DA:13,1
DA:15,1
DA:17,0
DA:20,1
DA:25,1
DA:30,1
DA:35,1
DA:37,35
DA:38,35
DA:39,35
DA:40,35
DA:41,35
DA:42,35
DA:43,35
DA:44,35
DA:45,35
DA:46,35
LF:24
LH:23
BRF:0
BRH:0
end_of_record
TN:
SF:/home/travis/build/MaibornWolff/codecharta/visualization/app/codeCharta/codeMap/codeMapAssetService.js
FN:19,CodeMapAssetService
FNF:1
FNH:1
FNDA:35,CodeMapAssetService
DA:3,1
DA:19,35
DA:38,35
DA:53,35
DA:61,16
DA:67,0
DA:72,0
DA:77,0
DA:82,0
DA:87,2
DA:92,3
DA:97,10
DA:102,5
DA:107,3
LF:14
LH:10
BRF:0
BRH:0
end_of_record
TN:
SF:/home/travis/build/MaibornWolff/codecharta/visualization/app/codeCharta/codeMap/codeMapController.js
FN:22,CodeMapController
FN:175,(anonymous_12)
FN:193,(anonymous_14)
FN:209,(anonymous_16)
FN:228,(anonymous_18)
FN:248,(anonymous_20)
FNF:6
FNH:0
FNDA:0,CodeMapController
FNDA:0,(anonymous_12)
FNDA:0,(anonymous_14)
FNDA:0,(anonymous_16)
FNDA:0,(anonymous_18)
FNDA:0,(anonymous_20)
DA:3,1
DA:22,0
DA:28,0
DA:34,0
DA:40,0
DA:46,0
DA:52,0
DA:58,0
DA:64,0
DA:70,0
DA:72,0
DA:73,0
DA:75,0
DA:83,0
DA:85,0
DA:87,0
DA:89,0
DA:91,0
DA:93,0
DA:94,0
DA:95,0
DA:100,0
DA:102,0
DA:103,0
DA:104,0
DA:105,0
DA:114,0
DA:115,0
DA:123,0
DA:125,0
DA:126,0
DA:127,0
DA:130,0
DA:131,0
DA:132,0
DA:151,0
DA:152,0
DA:153,0
DA:157,0
DA:159,0
DA:160,0
DA:170,0
DA:172,0
DA:175,0
DA:176,0
DA:177,0
DA:193,0
DA:194,0
DA:195,0
DA:198,0
DA:207,0
DA:209,0
DA:210,0
DA:211,0
DA:225,0
DA:228,0
DA:229,0
DA:230,0
DA:245,0
DA:248,0
DA:249,0
DA:250,0
DA:266,0
DA:268,0
DA:269,0
LF:65
LH:1
BRDA:91,0,0,0
BRDA:91,0,1,0
BRDA:93,1,0,0
BRDA:93,1,1,0
BRDA:102,2,0,0
BRDA:102,2,1,0
BRDA:125,3,0,0
BRDA:125,3,1,0
BRDA:130,4,0,0
BRDA:130,4,1,0
BRDA:130,5,0,0
BRDA:130,5,1,0
BRDA:151,6,0,0
BRDA:151,6,1,0
BRDA:151,7,0,0
BRDA:151,7,1,0
BRDA:152,8,0,0
BRDA:152,8,1,0
BRDA:152,9,0,0
BRDA:152,9,1,0
BRDA:172,10,0,0
BRDA:172,10,1,0
BRDA:172,11,0,0
BRDA:172,11,1,0
BRDA:176,12,0,0
BRDA:176,12,1,0
BRDA:176,13,0,0
BRDA:176,13,1,0
BRDA:176,13,2,0
BRDA:194,14,0,0
BRDA:194,14,1,0
BRDA:194,15,0,0
BRDA:194,15,1,0
BRDA:207,16,0,0
BRDA:207,16,1,0
BRDA:207,17,0,0
BRDA:207,17,1,0
BRDA:210,18,0,0
BRDA:210,18,1,0
BRDA:210,19,0,0
BRDA:210,19,1,0
BRDA:210,19,2,0
BRDA:225,20,0,0
BRDA:225,20,1,0
BRDA:225,21,0,0
BRDA:225,21,1,0
BRDA:229,22,0,0
BRDA:229,22,1,0
BRDA:229,23,0,0
BRDA:229,23,1,0
BRDA:245,24,0,0
BRDA:245,24,1,0
BRDA:245,25,0,0
BRDA:245,25,1,0
BRDA:249,26,0,0
BRDA:249,26,1,0
BRDA:249,27,0,0
BRDA:249,27,1,0
BRF:58
BRH:0
end_of_record
TN:
SF:/home/travis/build/MaibornWolff/codecharta/visualization/app/codeCharta/codeMap/codeMapDirective.js
FN:15,CodeMapDirective
FNF:1
FNH:0
FNDA:0,CodeMapDirective
DA:3,1
DA:18,0
DA:20,0
DA:23,0
DA:26,0
DA:31,0
DA:36,0
DA:41,0
DA:44,0
DA:47,0
DA:59,0
DA:60,0
LF:12
LH:1
BRF:0
BRH:0
end_of_record
TN:
SF:/home/travis/build/MaibornWolff/codecharta/visualization/app/codeCharta/codeMap/codeMapService.js
FN:22,CodeMapService
FN:83,(anonymous_7)
FN:157,(anonymous_12)
FN:159,(anonymous_13)
FN:177,(anonymous_15)
FN:202,(anonymous_17)
FN:229,(anonymous_19)
FN:406,(anonymous_27)
FNF:8
FNH:7
FNDA:35,CodeMapService
FNDA:1,(anonymous_7)
FNDA:4,(anonymous_12)
FNDA:9,(anonymous_13)
FNDA:22,(anonymous_15)
FNDA:0,(anonymous_17)
FNDA:3,(anonymous_19)
FNDA:1,(anonymous_27)
DA:3,1
DA:22,35
DA:28,35
DA:33,35
DA:38,35
DA:43,35
DA:49,35
DA:55,35
DA:61,35
DA:67,35
DA:73,35
DA:79,35
DA:81,35
DA:83,35
DA:84,1
DA:87,35
DA:98,5
DA:99,5
DA:100,5
DA:101,5
DA:102,5
DA:114,4
DA:115,0
DA:119,4
DA:120,0
DA:135,0
DA:149,5
DA:151,5
DA:153,5
DA:155,5
DA:157,5
DA:159,5
DA:160,9
DA:163,5
DA:165,5
DA:167,5
DA:176,3
DA:177,3
DA:179,22
DA:181,0
DA:182,0
DA:184,22
DA:186,2
DA:187,2
DA:202,0
DA:204,0
DA:205,0
DA:208,0
DA:209,0
DA:210,0
DA:211,0
DA:212,0
DA:214,0
DA:217,0
DA:218,0
DA:229,3
DA:231,1
DA:232,0
DA:236,1
DA:237,1
DA:247,5
DA:248,5
DA:259,4
DA:260,3
DA:262,1
DA:270,38
DA:271,38
DA:272,38
DA:273,38
DA:274,38
DA:275,38
DA:276,38
DA:277,38
DA:278,38
DA:279,38
DA:280,38
DA:295,2
DA:296,2
DA:297,2
DA:298,2
DA:299,2
DA:317,10
DA:319,10
DA:320,5
DA:321,4
DA:323,5
DA:324,5
DA:325,5
DA:326,5
DA:327,5
DA:328,5
DA:329,5
DA:330,5
DA:331,3
DA:332,3
DA:335,3
DA:336,3
DA:337,3
DA:338,3
DA:339,3
DA:340,3
DA:341,3
DA:343,2
DA:344,2
DA:345,2
DA:346,2
DA:349,10
DA:350,0
DA:369,3
DA:371,0
DA:372,0
DA:373,0
DA:374,0
DA:375,0
DA:378,0
DA:382,0
DA:383,0
DA:388,0
DA:389,0
DA:390,0
DA:391,0
DA:392,0
DA:393,0
DA:406,6
DA:408,1
DA:409,1
DA:410,1
DA:412,1
DA:413,1
DA:414,1
DA:416,1
DA:417,1
DA:418,1
DA:430,0
DA:431,0
DA:432,0
DA:434,0
DA:437,0
DA:438,0
DA:439,0
DA:440,0
DA:443,0
DA:444,0
DA:445,0
DA:446,0
DA:449,0
DA:450,0
DA:451,0
DA:452,0
DA:453,0
DA:455,0
DA:456,0
DA:457,0
DA:459,0
DA:460,0
DA:461,0
DA:462,0
DA:463,0
DA:470,37
DA:471,37
DA:472,37
DA:473,37
DA:474,37
DA:475,37
DA:476,37
DA:477,37
DA:478,37
DA:479,37
DA:480,37
DA:481,37
DA:482,37
DA:483,37
DA:484,37
DA:485,37
DA:486,37
DA:487,37
DA:488,37
DA:489,37
DA:490,37
DA:491,37
DA:498,3
DA:505,3
DA:521,16
DA:522,16
DA:523,16
DA:524,16
DA:525,16
DA:526,16
DA:527,16
DA:528,16
DA:529,16
DA:530,16
LF:192
LH:135
BRDA:98,0,0,5
BRDA:98,0,1,0
BRDA:98,1,0,5
BRDA:98,1,1,5
BRDA:98,1,2,5
BRDA:98,1,3,5
BRDA:114,2,0,0
BRDA:114,2,1,4
BRDA:114,3,0,4
BRDA:114,3,1,4
BRDA:114,3,2,3
BRDA:114,3,3,3
BRDA:114,3,4,3
BRDA:119,4,0,0
BRDA:119,4,1,4
BRDA:119,5,0,4
BRDA:119,5,1,0
BRDA:119,5,2,0
BRDA:119,5,3,0
BRDA:179,6,0,0
BRDA:179,6,1,22
BRDA:179,7,0,22
BRDA:179,7,1,2
BRDA:184,8,0,2
BRDA:184,8,1,20
BRDA:184,9,0,22
BRDA:184,9,1,2
BRDA:204,10,0,0
BRDA:204,10,1,0
BRDA:209,11,0,0
BRDA:209,11,1,0
BRDA:210,12,0,0
BRDA:210,12,1,0
BRDA:211,13,0,0
BRDA:211,13,1,0
BRDA:212,14,0,0
BRDA:212,14,1,0
BRDA:231,15,0,0
BRDA:231,15,1,1
BRDA:259,16,0,3
BRDA:259,16,1,1
BRDA:262,17,0,0
BRDA:262,17,1,1
BRDA:262,18,0,1
BRDA:262,18,1,0
BRDA:295,19,0,0
BRDA:295,19,1,2
BRDA:319,20,0,5
BRDA:319,20,1,5
BRDA:320,21,0,4
BRDA:320,21,1,1
BRDA:330,22,0,3
BRDA:330,22,1,2
BRDA:331,23,0,3
BRDA:331,23,1,0
BRDA:349,24,0,0
BRDA:349,24,1,10
BRDA:369,25,0,0
BRDA:369,25,1,3
BRDA:369,26,0,3
BRDA:369,26,1,2
BRF:61
BRH:37
end_of_record
TN:
SF:/home/travis/build/MaibornWolff/codecharta/visualization/app/codeCharta/codeMap/codeMapService.spec.js
FN:6,(anonymous_0)
FN:12,(anonymous_1)
FN:48,(anonymous_2)
FN:52,(anonymous_3)
FN:59,(anonymous_4)
FN:65,(anonymous_5)
FN:89,(anonymous_6)
FN:98,(anonymous_7)
FN:108,(anonymous_8)
FN:118,(anonymous_9)
FN:127,(anonymous_10)
FN:136,(anonymous_11)
FN:149,(anonymous_12)
FN:174,(anonymous_13)
FN:199,(anonymous_14)
FN:223,(anonymous_15)
FN:232,(anonymous_16)
FN:241,(anonymous_17)
FN:250,(anonymous_18)
FN:271,(anonymous_19)
FN:280,(anonymous_20)
FN:289,(anonymous_21)
FN:298,(anonymous_22)
FN:307,(anonymous_23)
FN:316,(anonymous_24)
FN:325,(anonymous_25)
FN:334,(anonymous_26)
FN:340,(anonymous_27)
FN:347,(anonymous_28)
FN:356,(anonymous_29)
FN:371,(anonymous_30)
FN:386,(anonymous_31)
FN:395,(anonymous_32)
FN:404,(anonymous_33)
FN:450,(anonymous_34)
FN:461,(anonymous_35)
FN:468,(anonymous_36)
FN:489,(anonymous_37)
FN:509,(anonymous_38)
FN:535,(anonymous_39)
FN:548,(anonymous_40)
FNF:41
FNH:41
FNDA:1,(anonymous_0)
FNDA:35,(anonymous_1)
FNDA:35,(anonymous_2)
FNDA:35,(anonymous_3)
FNDA:1,(anonymous_4)
FNDA:1,(anonymous_5)
FNDA:1,(anonymous_6)
FNDA:1,(anonymous_7)
FNDA:1,(anonymous_8)
FNDA:1,(anonymous_9)
FNDA:1,(anonymous_10)
FNDA:1,(anonymous_11)
FNDA:1,(anonymous_12)
FNDA:1,(anonymous_13)
FNDA:1,(anonymous_14)
FNDA:1,(anonymous_15)
FNDA:1,(anonymous_16)
FNDA:1,(anonymous_17)
FNDA:1,(anonymous_18)
FNDA:1,(anonymous_19)
FNDA:1,(anonymous_20)
FNDA:1,(anonymous_21)
FNDA:1,(anonymous_22)
FNDA:1,(anonymous_23)
FNDA:1,(anonymous_24)
FNDA:1,(anonymous_25)
FNDA:1,(anonymous_26)
FNDA:1,(anonymous_27)
FNDA:1,(anonymous_28)
FNDA:1,(anonymous_29)
FNDA:1,(anonymous_30)
FNDA:1,(anonymous_31)
FNDA:1,(anonymous_32)
FNDA:1,(anonymous_33)
FNDA:1,(anonymous_34)
FNDA:1,(anonymous_35)
FNDA:1,(anonymous_36)
FNDA:1,(anonymous_37)
FNDA:1,(anonymous_38)
FNDA:3,(anonymous_39)
FNDA:1,(anonymous_40)
DA:1,1
DA:6,1
DA:8,1
DA:10,1
DA:12,1
DA:13,35
DA:14,35
DA:15,35
DA:16,35
DA:17,35
DA:18,35
DA:19,35
DA:48,1
DA:49,35
DA:52,1
DA:53,35
DA:59,1
DA:61,1
DA:62,1
DA:63,1
DA:65,1
DA:66,1
DA:67,0
DA:68,0
DA:69,1
DA:70,0
DA:71,0
DA:73,1
DA:74,1
DA:78,1
DA:80,1
DA:81,1
DA:82,1
DA:89,1
DA:90,1
DA:91,1
DA:92,1
DA:98,1
DA:99,1
DA:100,1
DA:101,1
DA:108,1
DA:109,1
DA:110,1
DA:111,1
DA:118,1
DA:119,1
DA:120,1
DA:121,1
DA:127,1
DA:128,1
DA:129,1
DA:130,1
DA:136,1
DA:137,1
DA:138,1
DA:139,1
DA:141,1
DA:142,1
DA:143,1
DA:149,1
DA:151,1
DA:152,1
DA:153,1
DA:154,1
DA:155,1
DA:156,1
DA:157,1
DA:159,1
DA:161,1
DA:162,1
DA:163,1
DA:164,1
DA:165,1
DA:166,1
DA:167,1
DA:174,1
DA:176,1
DA:177,1
DA:178,1
DA:179,1
DA:180,1
DA:181,1
DA:182,1
DA:184,1
DA:186,1
DA:187,1
DA:188,1
DA:189,1
DA:190,1
DA:191,1
DA:192,1
DA:199,1
DA:201,1
DA:202,1
DA:204,1
DA:213,1
DA:215,1
DA:216,1
DA:223,1
DA:224,1
DA:225,1
DA:226,1
DA:232,1
DA:233,1
DA:234,1
DA:235,1
DA:241,1
DA:242,1
DA:243,1
DA:244,1
DA:250,1
DA:252,1
DA:254,1
DA:262,1
DA:264,1
DA:271,1
DA:272,1
DA:273,1
DA:274,1
DA:280,1
DA:281,1
DA:282,1
DA:283,1
DA:289,1
DA:290,1
DA:291,1
DA:292,1
DA:298,1
DA:299,1
DA:300,1
DA:301,1
DA:307,1
DA:308,1
DA:309,1
DA:310,1
DA:316,1
DA:317,1
DA:318,1
DA:319,1
DA:325,1
DA:326,1
DA:327,1
DA:328,1
DA:334,1
DA:335,1
DA:336,1
DA:337,1
DA:340,1
DA:341,1
DA:347,1
DA:348,1
DA:349,1
DA:350,1
DA:356,1
DA:357,1
DA:359,1
DA:364,1
DA:365,1
DA:371,1
DA:372,1
DA:374,1
DA:379,1
DA:380,1
DA:386,1
DA:387,1
DA:388,1
DA:389,1
DA:395,1
DA:396,1
DA:397,1
DA:398,1
DA:404,1
DA:406,1
DA:432,1
DA:433,1
DA:434,1
DA:435,1
DA:437,1
DA:438,1
DA:439,1
DA:441,1
DA:442,1
DA:443,1
DA:450,1
DA:451,1
DA:452,1
DA:453,1
DA:454,1
DA:455,1
DA:461,1
DA:462,1
DA:468,1
DA:470,1
DA:472,1
DA:480,1
DA:482,1
DA:489,1
DA:491,1
DA:493,1
DA:500,1
DA:502,1
DA:509,1
DA:512,1
DA:517,1
DA:522,1
DA:527,1
DA:531,1
DA:533,1
DA:535,1
DA:536,3
DA:537,1
DA:541,1
DA:548,1
DA:549,1
DA:550,1
DA:551,1
DA:552,1
DA:553,1
LF:219
LH:215
BRDA:66,0,0,0
BRDA:66,0,1,1
BRDA:69,1,0,0
BRDA:69,1,1,1
BRDA:536,2,0,1
BRDA:536,2,1,2
BRDA:536,3,0,3
BRDA:536,3,1,2
BRDA:536,3,2,1
BRF:9
BRH:7
end_of_record
TN:
SF:/home/travis/build/MaibornWolff/codecharta/visualization/app/codeCharta/codeMap/threeViewer/threeCameraService.js
FN:14,ThreeCameraService
FN:22,(anonymous_7)
FNF:2
FNH:1
FNDA:7,ThreeCameraService
FNDA:0,(anonymous_7)
DA:3,1
DA:14,7
DA:18,7
DA:20,7
DA:22,7
DA:23,0
DA:36,3
DA:37,3
DA:38,3
DA:39,3
DA:41,3
DA:42,3
DA:46,3
LF:13
LH:12
BRF:0
BRH:0
end_of_record
TN:
SF:/home/travis/build/MaibornWolff/codecharta/visualization/app/codeCharta/codeMap/threeViewer/threeCameraService.spec.js
FN:6,(anonymous_0)
FN:10,(anonymous_1)
FN:17,(anonymous_2)
FN:33,(anonymous_3)
FN:48,(anonymous_4)
FNF:5
FNH:5
FNDA:1,(anonymous_0)
FNDA:1,(anonymous_1)
FNDA:1,(anonymous_2)
FNDA:1,(anonymous_3)
FNDA:1,(anonymous_4)
DA:1,1
DA:6,1
DA:8,1
DA:10,1
DA:11,1
DA:17,1
DA:20,1
DA:23,1
DA:26,1
DA:33,1
DA:36,1
DA:39,1
DA:48,1
DA:51,1
DA:54,1
LF:15
LH:15
BRF:0
BRH:0
end_of_record
TN:
SF:/home/travis/build/MaibornWolff/codecharta/visualization/app/codeCharta/codeMap/threeViewer/threeOrbitControlsService.js
FN:23,ThreeOrbitControlsService
FN:40,(anonymous_8)
FNF:2
FNH:1
FNDA:3,ThreeOrbitControlsService
FNDA:0,(anonymous_8)
DA:3,1
DA:4,1
DA:23,3
DA:25,3
DA:27,3
DA:29,3
DA:37,0
DA:38,0
DA:39,0
DA:40,0
DA:41,0
DA:50,0
LF:12
LH:6
BRF:0
BRH:0
end_of_record
TN:
SF:/home/travis/build/MaibornWolff/codecharta/visualization/app/codeCharta/codeMap/threeViewer/threeOrbitControlsService.spec.js
FN:6,(anonymous_0)
FN:10,(anonymous_1)
FNF:2
FNH:2
FNDA:1,(anonymous_0)
FNDA:1,(anonymous_1)
DA:1,1
DA:6,1
DA:8,1
DA:10,1
DA:11,1
LF:5
LH:5
BRF:0
BRH:0
end_of_record
TN:
SF:/home/travis/build/MaibornWolff/codecharta/visualization/app/codeCharta/codeMap/threeViewer/threeRendererService.js
FN:14,ThreeRendererService
FNF:1
FNH:1
FNDA:2,ThreeRendererService
DA:3,1
DA:14,2
DA:18,2
DA:27,0
DA:28,0
DA:29,0
LF:6
LH:3
BRF:0
BRH:0
end_of_record
TN:
SF:/home/travis/build/MaibornWolff/codecharta/visualization/app/codeCharta/codeMap/threeViewer/threeSceneService.js
FNF:0
FNH:0
DA:3,1
DA:14,39
DA:16,39
LF:3
LH:3
BRF:0
BRH:0
end_of_record
TN:
SF:/home/travis/build/MaibornWolff/codecharta/visualization/app/codeCharta/codeMap/threeViewer/threeSceneService.spec.js
FN:6,(anonymous_0)
FN:10,(anonymous_1)
FN:17,(anonymous_2)
FN:23,(anonymous_3)
FNF:4
FNH:4
FNDA:1,(anonymous_0)
FNDA:1,(anonymous_1)
FNDA:1,(anonymous_2)
FNDA:1,(anonymous_3)
DA:1,1
DA:6,1
DA:8,1
DA:10,1
DA:11,1
DA:17,1
DA:20,1
DA:21,1
DA:23,1
DA:26,1
DA:30,1
LF:11
LH:11
BRF:0
BRH:0
end_of_record
TN:
SF:/home/travis/build/MaibornWolff/codecharta/visualization/app/codeCharta/codeMap/threeViewer/threeUpdateCycleService.js
FN:11,ThreeUpdateCycleService
FN:27,(anonymous_7)
FNF:2
FNH:2
FNDA:4,ThreeUpdateCycleService
FNDA:2,(anonymous_7)
DA:11,4
DA:20,4
DA:27,1
DA:28,2
LF:4
LH:4
BRF:0
BRH:0
end_of_record
TN:
SF:/home/travis/build/MaibornWolff/codecharta/visualization/app/codeCharta/codeMap/threeViewer/threeUpdateCycleService.spec.js
FN:6,(anonymous_0)
FN:13,(anonymous_1)
FN:21,(anonymous_2)
FNF:3
FNH:3
FNDA:1,(anonymous_0)
FNDA:1,(anonymous_1)
FNDA:1,(anonymous_2)
DA:1,1
DA:6,1
DA:8,1
DA:13,1
DA:14,1
DA:15,1
DA:21,1
DA:23,1
DA:24,1
DA:26,1
DA:27,1
DA:29,1
DA:30,1
LF:13
LH:13
BRF:0
BRH:0
end_of_record
TN:
SF:/home/travis/build/MaibornWolff/codecharta/visualization/app/codeCharta/codeMap/threeViewer/threeViewer.js
FNF:0
FNH:0
DA:3,1
DA:4,1
DA:5,1
DA:6,1
DA:7,1
DA:8,1
DA:9,1
DA:11,1
DA:13,1
DA:15,1
DA:20,1
DA:25,1
DA:30,1
DA:35,1
DA:40,1
LF:15
LH:15
BRF:0
BRH:0
end_of_record
TN:
SF:/home/travis/build/MaibornWolff/codecharta/visualization/app/codeCharta/codeMap/threeViewer/threeViewerService.js
FN:19,ThreeViewerService
FNF:1
FNH:1
FNDA:2,ThreeViewerService
DA:19,2
DA:23,2
DA:28,2
DA:33,2
DA:38,2
DA:43,2
DA:48,2
DA:56,0
DA:58,0
DA:59,0
DA:62,0
DA:65,0
DA:68,0
DA:71,0
DA:78,1
DA:79,1
DA:80,1
DA:87,0
DA:88,0
DA:89,0
DA:90,0
LF:21
LH:10
BRF:0
BRH:0
end_of_record
TN:
SF:/home/travis/build/MaibornWolff/codecharta/visualization/app/codeCharta/codeMap/threeViewer/threeViewerService.spec.js
FN:6,(anonymous_0)
FN:10,(anonymous_1)
FN:17,(anonymous_2)
FNF:3
FNH:3
FNDA:1,(anonymous_0)
FNDA:1,(anonymous_1)
FNDA:1,(anonymous_2)
DA:1,1
DA:6,1
DA:8,1
DA:10,1
DA:11,1
DA:17,1
DA:20,1
DA:21,1
DA:22,1
DA:25,1
DA:28,1
DA:29,1
DA:30,1
LF:13
LH:13
BRF:0
BRH:0
end_of_record
TN:
SF:/home/travis/build/MaibornWolff/codecharta/visualization/app/codeCharta/core/core.js
FNF:0
FNH:0
DA:3,1
DA:4,1
DA:5,1
DA:6,1
DA:7,1
DA:8,1
DA:10,1
LF:7
LH:7
BRF:0
BRH:0
end_of_record
TN:
SF:/home/travis/build/MaibornWolff/codecharta/visualization/app/codeCharta/core/data/data.js
FNF:0
FNH:0
DA:3,1
DA:4,1
DA:6,1
DA:8,1
DA:12,1
LF:5
LH:5
BRF:0
BRH:0
end_of_record
TN:
SF:/home/travis/build/MaibornWolff/codecharta/visualization/app/codeCharta/core/data/dataService.js
FN:19,DataService
FN:49,(anonymous_8)
FN:53,(anonymous_9)
FN:78,(anonymous_10)
FN:95,(anonymous_12)
FN:96,(anonymous_13)
FN:96,(anonymous_14)
FNF:7
FNH:1
FNDA:110,DataService
FNDA:0,(anonymous_8)
FNDA:0,(anonymous_9)
FNDA:0,(anonymous_10)
FNDA:0,(anonymous_12)
FNDA:0,(anonymous_13)
FNDA:0,(anonymous_14)
DA:3,1
DA:4,1
DA:19,110
DA:25,110
DA:31,110
DA:37,110
DA:47,0
DA:49,0
DA:51,0
DA:55,0
DA:57,0
DA:60,0
DA:61,0
DA:62,0
DA:63,0
DA:65,0
DA:66,0
DA:69,0
DA:74,0
DA:76,0
DA:79,0
DA:93,0
DA:94,0
DA:95,0
DA:96,0
DA:98,0
DA:108,0
DA:109,0
DA:110,0
DA:120,0
DA:122,0
DA:123,0
DA:124,0
DA:125,0
DA:126,0
DA:127,0
DA:129,0
DA:130,0
DA:131,0
DA:133,0
DA:134,0
DA:139,0
DA:143,0
DA:154,4
DA:155,4
DA:156,11
DA:157,11
DA:158,11
DA:159,11
DA:160,11
DA:163,4
LF:51
LH:14
BRDA:55,0,0,0
BRDA:55,0,1,0
BRDA:60,1,0,0
BRDA:60,1,1,0
BRDA:60,2,0,0
BRDA:60,2,1,0
BRDA:62,3,0,0
BRDA:62,3,1,0
BRDA:95,4,0,0
BRDA:95,4,1,0
BRDA:131,5,0,0
BRDA:131,5,1,0
BRDA:156,6,0,11
BRDA:156,6,1,0
BRDA:157,7,0,8
BRDA:157,7,1,3
BRF:16
BRH:3
end_of_record
TN:
SF:/home/travis/build/MaibornWolff/codecharta/visualization/app/codeCharta/core/data/dataService.spec.js
FN:6,(anonymous_0)
FN:14,(anonymous_1)
FN:16,(anonymous_2)
FN:95,(anonymous_3)
FN:105,(anonymous_4)
FN:113,(anonymous_5)
FN:117,(anonymous_6)
FN:124,(anonymous_7)
FN:130,(anonymous_8)
FN:133,(anonymous_9)
FN:145,(anonymous_10)
FN:183,(anonymous_11)
FNF:12
FNH:6
FNDA:1,(anonymous_0)
FNDA:3,(anonymous_1)
FNDA:3,(anonymous_2)
FNDA:1,(anonymous_3)
FNDA:0,(anonymous_4)
FNDA:0,(anonymous_5)
FNDA:0,(anonymous_6)
FNDA:0,(anonymous_7)
FNDA:0,(anonymous_8)
FNDA:0,(anonymous_9)
FNDA:1,(anonymous_10)
FNDA:1,(anonymous_11)
DA:1,1
DA:6,1
DA:13,1
DA:14,3
DA:16,1
DA:18,3
DA:23,3
DA:28,3
DA:95,1
DA:98,1
DA:101,1
DA:105,1
DA:108,0
DA:111,0
DA:112,0
DA:114,0
DA:115,0
DA:118,0
DA:124,1
DA:127,0
DA:130,0
DA:132,0
DA:135,0
DA:137,0
DA:145,1
DA:148,1
DA:149,1
DA:150,1
DA:151,1
DA:152,1
DA:155,1
DA:158,1
DA:159,1
DA:160,1
DA:161,1
DA:163,1
DA:164,1
DA:165,1
DA:166,1
DA:167,1
DA:169,1
DA:170,1
DA:171,1
DA:172,1
DA:174,1
DA:175,1
DA:176,1
DA:177,1
DA:178,1
DA:179,1
DA:183,1
DA:184,1
LF:52
LH:41
BRF:0
BRH:0
end_of_record
TN:
SF:/home/travis/build/MaibornWolff/codecharta/visualization/app/codeCharta/core/data/dataValidatorService.js
FN:16,DataValidatorService
FN:116,(anonymous_10)
FN:119,(anonymous_11)
FN:139,(anonymous_12)
FNF:4
FNH:2
FNDA:120,DataValidatorService
FNDA:21,(anonymous_10)
FNDA:0,(anonymous_11)
FNDA:0,(anonymous_12)
DA:3,1
DA:4,1
DA:16,120
DA:21,120
DA:38,0
DA:39,0
DA:40,0
DA:41,0
DA:42,0
DA:43,0
DA:46,0
DA:50,0
DA:61,0
DA:62,0
DA:63,0
DA:64,0
DA:66,0
DA:67,0
DA:73,0
DA:75,0
DA:76,0
DA:77,0
DA:78,0
DA:80,0
DA:82,0
DA:83,0
DA:85,0
DA:86,0
DA:87,0
DA:88,0
DA:91,0
DA:92,0
DA:93,0
DA:94,0
DA:96,0
DA:97,0
DA:98,0
DA:103,0
DA:112,21
DA:114,21
DA:116,21
DA:118,21
DA:121,0
DA:122,0
DA:123,0
DA:124,0
DA:125,0
DA:127,0
DA:128,0
DA:130,0
DA:133,0
DA:140,0
LF:52
LH:8
BRDA:42,0,0,0
BRDA:42,0,1,0
BRDA:42,1,0,0
BRDA:42,1,1,0
BRDA:42,2,0,0
BRDA:42,2,1,0
BRDA:66,3,0,0
BRDA:66,3,1,0
BRDA:75,4,0,0
BRDA:75,4,1,0
BRDA:78,5,0,0
BRDA:78,5,1,0
BRDA:78,5,2,0
BRDA:82,6,0,0
BRDA:82,6,1,0
BRDA:82,7,0,0
BRDA:82,7,1,0
BRDA:82,7,2,0
BRDA:82,8,0,0
BRDA:82,8,1,0
BRDA:85,9,0,0
BRDA:85,9,1,0
BRDA:94,10,0,0
BRDA:94,10,1,0
BRDA:94,10,2,0
BRDA:121,11,0,0
BRDA:121,11,1,0
BRDA:127,12,0,0
BRDA:127,12,1,0
BRF:29
BRH:0
end_of_record
TN:
SF:/home/travis/build/MaibornWolff/codecharta/visualization/app/codeCharta/core/data/dataValidatorService.spec.js
FN:6,(anonymous_0)
FN:11,(anonymous_1)
FN:25,(anonymous_2)
FN:32,(anonymous_3)
FN:46,(anonymous_4)
FN:49,(anonymous_5)
FN:53,(anonymous_6)
FN:66,(anonymous_7)
FN:73,(anonymous_8)
FN:102,(anonymous_9)
FN:109,(anonymous_10)
FN:140,(anonymous_11)
FN:181,(anonymous_12)
FN:238,(anonymous_13)
FN:245,(anonymous_14)
FN:318,(anonymous_15)
FN:426,(anonymous_16)
FN:537,(anonymous_17)
FN:592,(anonymous_18)
FN:703,(anonymous_19)
FNF:20
FNH:16
FNDA:1,(anonymous_0)
FNDA:10,(anonymous_1)
FNDA:1,(anonymous_2)
FNDA:0,(anonymous_3)
FNDA:0,(anonymous_4)
FNDA:0,(anonymous_5)
FNDA:0,(anonymous_6)
FNDA:1,(anonymous_7)
FNDA:1,(anonymous_8)
FNDA:1,(anonymous_9)
FNDA:1,(anonymous_10)
FNDA:1,(anonymous_11)
FNDA:1,(anonymous_12)
FNDA:1,(anonymous_13)
FNDA:1,(anonymous_14)
FNDA:1,(anonymous_15)
FNDA:1,(anonymous_16)
FNDA:1,(anonymous_17)
FNDA:1,(anonymous_18)
FNDA:1,(anonymous_19)
DA:1,1
DA:6,1
DA:10,1
DA:11,1
DA:12,10
DA:15,10
DA:25,1
DA:32,1
DA:34,0
DA:36,0
DA:44,0
DA:47,0
DA:48,0
DA:50,0
DA:54,0
DA:66,1
DA:73,1
DA:76,1
DA:84,1
DA:87,1
DA:91,1
DA:102,1
DA:109,1
DA:112,1
DA:120,1
DA:123,1
DA:131,1
DA:140,1
DA:143,1
DA:156,1
DA:159,1
DA:172,1
DA:181,1
DA:184,1
DA:196,1
DA:199,1
DA:210,1
DA:213,1
DA:226,1
DA:238,1
DA:245,1
DA:247,1
DA:277,1
DA:279,1
DA:309,1
DA:318,1
DA:319,1
DA:367,1
DA:369,1
DA:417,1
DA:426,1
DA:427,1
DA:477,1
DA:479,1
DA:529,1
DA:537,1
DA:538,1
DA:560,1
DA:562,1
DA:584,1
DA:592,1
DA:593,1
DA:643,1
DA:645,1
DA:695,1
DA:703,1
DA:704,1
DA:735,1
DA:738,1
DA:740,1
DA:743,1
LF:71
LH:64
BRF:0
BRH:0
end_of_record
TN:
SF:/home/travis/build/MaibornWolff/codecharta/visualization/app/codeCharta/core/data/model/dataModel.js
FNF:0
FNH:0
DA:14,110
DA:20,110
DA:29,110
DA:35,110
LF:4
LH:4
BRF:0
BRH:0
end_of_record
TN:
SF:/home/travis/build/MaibornWolff/codecharta/visualization/app/codeCharta/core/scenario/scenario.js
FNF:0
FNH:0
DA:3,1
DA:4,1
DA:6,1
DA:8,1
DA:13,1
LF:5
LH:5
BRF:0
BRH:0
end_of_record
TN:
SF:/home/travis/build/MaibornWolff/codecharta/visualization/app/codeCharta/core/scenario/scenarioService.js
FN:20,ScenarioService
FNF:1
FNH:1
FNDA:10,ScenarioService
DA:3,1
DA:4,1
DA:5,1
DA:6,1
DA:20,10
DA:25,10
DA:30,10
DA:39,1
DA:47,2
DA:55,3
DA:56,3
DA:57,3
LF:12
LH:12
BRF:0
BRH:0
end_of_record
TN:
SF:/home/travis/build/MaibornWolff/codecharta/visualization/app/codeCharta/core/scenario/scenarioService.spec.js
FN:9,(anonymous_0)
FN:15,(anonymous_1)
FN:21,(anonymous_2)
FN:25,(anonymous_3)
FN:32,(anonymous_4)
FN:48,(anonymous_5)
FN:50,(anonymous_6)
FN:58,(anonymous_7)
FNF:8
FNH:8
FNDA:1,(anonymous_0)
FNDA:3,(anonymous_1)
FNDA:3,(anonymous_2)
FNDA:3,(anonymous_3)
FNDA:1,(anonymous_4)
FNDA:1,(anonymous_5)
FNDA:1,(anonymous_6)
FNDA:1,(anonymous_7)
DA:1,1
DA:2,1
DA:3,1
DA:4,1
DA:9,1
DA:13,1
DA:15,1
DA:16,3
DA:17,3
DA:18,3
DA:21,1
DA:22,3
DA:25,1
DA:26,3
DA:32,1
DA:34,1
DA:35,1
DA:36,1
DA:38,1
DA:40,1
DA:42,1
DA:48,1
DA:49,1
DA:50,1
DA:51,1
DA:58,1
DA:59,1
DA:60,1
DA:61,1
DA:62,1
LF:30
LH:30
BRF:0
BRH:0
end_of_record
TN:
SF:/home/travis/build/MaibornWolff/codecharta/visualization/app/codeCharta/core/scenario/model/scenario.js
FNF:0
FNH:0
DA:11,4
DA:17,4
DA:23,4
LF:3
LH:3
BRF:0
BRH:0
end_of_record
TN:
SF:/home/travis/build/MaibornWolff/codecharta/visualization/app/codeCharta/core/settings/settings.js
FNF:0
FNH:0
DA:3,1
DA:4,1
DA:6,1
DA:8,1
DA:13,1
LF:5
LH:5
BRF:0
BRH:0
end_of_record
TN:
SF:/home/travis/build/MaibornWolff/codecharta/visualization/app/codeCharta/core/settings/settingsService.js
FN:20,SettingsService
FN:54,(anonymous_8)
FN:58,(anonymous_9)
FN:125,iterateProperties
FN:168,iterateProperties
FN:235,(anonymous_21)
FNF:6
FNH:6
FNDA:85,SettingsService
FNDA:4,(anonymous_8)
FNDA:1,(anonymous_9)
FNDA:36,iterateProperties
FNDA:66,iterateProperties
FNDA:18,(anonymous_21)
DA:3,1
DA:4,1
DA:5,1
DA:20,85
DA:25,85
DA:30,85
DA:35,85
DA:37,85
DA:42,85
DA:54,85
DA:55,4
DA:58,85
DA:59,1
DA:72,3
DA:74,3
DA:76,2
DA:80,3
DA:82,3
DA:85,3
DA:87,3
DA:90,3
DA:95,1
DA:100,1
DA:101,1
DA:102,1
DA:114,2
DA:123,2
DA:125,2
DA:126,36
DA:127,36
DA:129,34
DA:132,34
DA:135,34
DA:137,34
DA:139,34
DA:140,32
DA:143,34
DA:144,3
DA:151,2
DA:153,2
DA:155,2
DA:164,4
DA:166,4
DA:168,4
DA:169,66
DA:170,72
DA:172,68
DA:175,62
DA:178,68
DA:181,56
DA:190,4
DA:192,4
DA:201,0
DA:202,0
DA:212,272
DA:220,2
DA:221,2
DA:222,2
DA:223,2
DA:224,2
DA:234,8
DA:235,8
DA:236,18
DA:237,2
DA:241,8
LF:65
LH:63
BRDA:74,0,0,2
BRDA:74,0,1,1
BRDA:80,1,0,3
BRDA:80,1,1,0
BRDA:85,2,0,3
BRDA:85,2,1,0
BRDA:95,3,0,1
BRDA:95,3,1,0
BRDA:96,4,0,1
BRDA:96,4,1,1
BRDA:96,4,2,0
BRDA:127,5,0,34
BRDA:127,5,1,2
BRDA:127,6,0,36
BRDA:127,6,1,36
BRDA:127,6,2,34
BRDA:127,6,3,34
BRDA:129,7,0,0
BRDA:129,7,1,34
BRDA:129,8,0,34
BRDA:129,8,1,34
BRDA:139,9,0,32
BRDA:139,9,1,2
BRDA:143,10,0,3
BRDA:143,10,1,31
BRDA:143,11,0,34
BRDA:143,11,1,34
BRDA:170,12,0,68
BRDA:170,12,1,4
BRDA:170,13,0,72
BRDA:170,13,1,72
BRDA:170,13,2,68
BRDA:170,13,3,68
BRDA:172,14,0,6
BRDA:172,14,1,62
BRDA:172,15,0,68
BRDA:172,15,1,62
BRDA:178,16,0,12
BRDA:178,16,1,56
BRDA:178,17,0,68
BRDA:178,17,1,56
BRDA:236,18,0,2
BRDA:236,18,1,16
BRF:43
BRH:38
end_of_record
TN:
SF:/home/travis/build/MaibornWolff/codecharta/visualization/app/codeCharta/core/settings/settingsService.spec.js
FN:6,(anonymous_0)
FN:13,(anonymous_1)
FN:21,(anonymous_2)
FN:32,(anonymous_3)
FN:43,(anonymous_4)
FN:54,(anonymous_5)
FN:80,(anonymous_6)
FN:93,(anonymous_7)
FN:105,(anonymous_8)
FN:123,(anonymous_9)
FN:137,(anonymous_10)
FN:148,(anonymous_11)
FN:163,(anonymous_12)
FN:177,(anonymous_13)
FN:187,(anonymous_14)
FNF:15
FNH:15
FNDA:1,(anonymous_0)
FNDA:1,(anonymous_1)
FNDA:1,(anonymous_2)
FNDA:1,(anonymous_3)
FNDA:1,(anonymous_4)
FNDA:1,(anonymous_5)
FNDA:1,(anonymous_6)
FNDA:1,(anonymous_7)
FNDA:1,(anonymous_8)
FNDA:1,(anonymous_9)
FNDA:1,(anonymous_10)
FNDA:1,(anonymous_11)
FNDA:1,(anonymous_12)
FNDA:1,(anonymous_13)
FNDA:1,(anonymous_14)
DA:1,1
DA:6,1
DA:8,1
DA:13,1
DA:14,1
DA:15,1
DA:21,1
DA:22,1
DA:23,1
DA:24,1
DA:25,1
DA:26,1
DA:32,1
DA:33,1
DA:34,1
DA:35,1
DA:36,1
DA:37,1
DA:43,1
DA:44,1
DA:45,1
DA:46,1
DA:47,1
DA:54,1
DA:56,1
DA:58,1
DA:60,1
DA:61,1
DA:62,1
DA:63,1
DA:65,1
DA:67,1
DA:68,1
DA:69,1
DA:70,1
DA:72,1
DA:80,1
DA:82,1
DA:84,1
DA:86,1
DA:93,1
DA:94,1
DA:95,1
DA:96,1
DA:97,1
DA:105,1
DA:107,1
DA:109,1
DA:111,1
DA:112,1
DA:113,1
DA:114,1
DA:116,1
DA:123,1
DA:125,1
DA:126,1
DA:127,1
DA:129,1
DA:130,1
DA:137,1
DA:139,1
DA:140,1
DA:141,1
DA:148,1
DA:150,1
DA:151,1
DA:152,1
DA:154,1
DA:156,1
DA:163,1
DA:165,1
DA:166,1
DA:167,1
DA:169,1
DA:171,1
DA:177,1
DA:178,1
DA:179,1
DA:180,1
DA:181,1
DA:182,1
DA:187,1
DA:188,1
DA:189,1
DA:190,1
LF:85
LH:85
BRF:0
BRH:0
end_of_record
TN:
SF:/home/travis/build/MaibornWolff/codecharta/visualization/app/codeCharta/core/settings/model/range.js
FNF:0
FNH:0
DA:14,89
DA:20,89
DA:26,89
DA:32,89
LF:4
LH:4
BRF:0
BRH:0
end_of_record
TN:
SF:/home/travis/build/MaibornWolff/codecharta/visualization/app/codeCharta/core/settings/model/scale.js
FNF:0
FNH:0
DA:12,176
DA:18,176
DA:24,176
DA:30,176
LF:4
LH:4
BRF:0
BRH:0
end_of_record
TN:
SF:/home/travis/build/MaibornWolff/codecharta/visualization/app/codeCharta/core/settings/model/settings.js
FN:18,Settings
FNF:1
FNH:1
FNDA:89,Settings
DA:18,89
DA:24,89
DA:30,89
DA:36,89
DA:42,89
DA:48,89
DA:54,89
DA:60,89
DA:66,89
DA:72,89
DA:81,0
DA:82,0
DA:83,0
DA:84,0
DA:85,0
DA:86,0
DA:87,0
DA:88,0
DA:89,0
LF:19
LH:10
BRF:0
BRH:0
end_of_record
TN:
SF:/home/travis/build/MaibornWolff/codecharta/visualization/app/codeCharta/core/tooltip/tooltip.js
FNF:0
FNH:0
DA:3,1
DA:4,1
DA:6,1
DA:8,1
LF:4
LH:4
BRF:0
BRH:0
end_of_record
TN:
SF:/home/travis/build/MaibornWolff/codecharta/visualization/app/codeCharta/core/tooltip/tooltipService.js
FN:15,TooltipService
FN:28,(anonymous_6)
FN:33,(anonymous_7)
FNF:3
FNH:1
FNDA:7,TooltipService
FNDA:0,(anonymous_6)
FNDA:0,(anonymous_7)
DA:15,14
DA:21,7
DA:23,7
DA:25,7
DA:29,0
DA:30,0
DA:34,0
DA:53,15
DA:55,15
DA:57,7
DA:63,7
DA:64,4
DA:66,7
DA:69,8
DA:81,4
LF:15
LH:12
BRDA:55,0,0,7
BRDA:55,0,1,8
BRF:2
BRH:2
end_of_record
TN:
SF:/home/travis/build/MaibornWolff/codecharta/visualization/app/codeCharta/core/tooltip/tooltipService.spec.js
FN:6,(anonymous_0)
FN:12,(anonymous_1)
FN:28,(anonymous_2)
FN:38,(anonymous_3)
FN:60,(anonymous_4)
FN:68,(anonymous_5)
FN:76,(anonymous_6)
FNF:7
FNH:7
FNDA:1,(anonymous_0)
FNDA:5,(anonymous_1)
FNDA:1,(anonymous_2)
FNDA:1,(anonymous_3)
FNDA:1,(anonymous_4)
FNDA:1,(anonymous_5)
FNDA:1,(anonymous_6)
DA:1,1
DA:6,1
DA:10,1
DA:12,1
DA:13,5
DA:15,5
DA:28,1
DA:30,1
DA:31,1
DA:38,1
DA:40,1
DA:41,1
DA:42,1
DA:43,1
DA:44,1
DA:45,1
DA:46,1
DA:47,1
DA:48,1
DA:49,1
DA:50,1
DA:51,1
DA:52,1
DA:53,1
DA:60,1
DA:61,1
DA:62,1
DA:68,1
DA:69,1
DA:70,1
DA:76,1
DA:77,1
DA:78,1
LF:33
LH:33
BRF:0
BRH:0
end_of_record
TN:
SF:/home/travis/build/MaibornWolff/codecharta/visualization/app/codeCharta/core/treemap/TreeMapService.spec.js
FN:3,createData
FN:37,(anonymous_1)
FN:42,(anonymous_2)
FN:43,(anonymous_3)
FN:48,(anonymous_4)
FN:55,(anonymous_5)
FN:57,(anonymous_6)
FN:61,(anonymous_7)
FN:90,(anonymous_8)
FN:105,(anonymous_9)
FN:109,(anonymous_10)
FN:118,(anonymous_11)
FN:120,(anonymous_12)
FN:126,(anonymous_13)
FN:132,(anonymous_14)
FN:138,(anonymous_15)
FN:144,(anonymous_16)
FN:150,(anonymous_17)
FN:161,(anonymous_18)
FN:163,(anonymous_19)
FN:204,(anonymous_20)
FN:227,(anonymous_21)
FN:250,(anonymous_22)
FNF:23
FNH:23
FNDA:15,createData
FNDA:1,(anonymous_1)
FNDA:15,(anonymous_2)
FNDA:15,(anonymous_3)
FNDA:1,(anonymous_4)
FNDA:1,(anonymous_5)
FNDA:1,(anonymous_6)
FNDA:1,(anonymous_7)
FNDA:5,(anonymous_8)
FNDA:1,(anonymous_9)
FNDA:1,(anonymous_10)
FNDA:1,(anonymous_11)
FNDA:1,(anonymous_12)
FNDA:1,(anonymous_13)
FNDA:1,(anonymous_14)
FNDA:1,(anonymous_15)
FNDA:1,(anonymous_16)
FNDA:1,(anonymous_17)
FNDA:1,(anonymous_18)
FNDA:1,(anonymous_19)
FNDA:1,(anonymous_20)
FNDA:1,(anonymous_21)
FNDA:1,(anonymous_22)
DA:1,1
DA:3,1
DA:4,15
DA:31,15
DA:37,1
DA:41,1
DA:42,15
DA:43,15
DA:48,1
DA:49,1
DA:55,1
DA:57,1
DA:61,1
DA:62,1
DA:88,1
DA:90,1
DA:92,5
DA:95,2
DA:96,2
DA:98,3
DA:105,1
DA:109,1
DA:118,1
DA:120,1
DA:121,1
DA:122,1
DA:123,1
DA:126,1
DA:127,1
DA:128,1
DA:129,1
DA:132,1
DA:133,1
DA:134,1
DA:135,1
DA:138,1
DA:139,1
DA:140,1
DA:141,1
DA:144,1
DA:145,1
DA:146,1
DA:147,1
DA:150,1
DA:151,1
DA:152,1
DA:153,1
DA:161,1
DA:163,1
DA:165,1
DA:180,1
DA:182,1
DA:185,1
DA:186,1
DA:187,1
DA:190,1
DA:191,1
DA:194,1
DA:195,1
DA:196,1
DA:197,1
DA:200,1
DA:204,1
DA:206,1
DA:221,1
DA:227,1
DA:229,1
DA:244,1
DA:246,1
DA:250,1
DA:252,1
DA:267,1
LF:72
LH:72
BRDA:93,0,0,1
BRDA:93,0,1,2
BRDA:93,0,2,3
BRF:3
BRH:3
end_of_record
TN:
SF:/home/travis/build/MaibornWolff/codecharta/visualization/app/codeCharta/core/treemap/treeMapService.js
FN:16,TreeMapService
FN:38,(anonymous_8)
FN:42,(anonymous_9)
FN:46,(anonymous_10)
FN:51,(anonymous_11)
FN:55,(anonymous_12)
FN:97,(anonymous_15)
FN:99,(anonymous_16)
FNF:8
FNH:6
FNDA:56,TreeMapService
FNDA:20,(anonymous_8)
FNDA:12,(anonymous_9)
FNDA:20,(anonymous_10)
FNDA:20,(anonymous_11)
FNDA:20,(anonymous_12)
FNDA:0,(anonymous_15)
FNDA:0,(anonymous_16)
DA:3,1
DA:16,56
DA:18,56
DA:31,4
DA:33,4
DA:36,4
DA:38,4
DA:39,20
DA:42,4
DA:43,12
DA:46,20
DA:48,4
DA:49,4
DA:51,4
DA:52,20
DA:55,20
DA:72,24
DA:73,24
DA:74,24
DA:75,24
DA:76,24
DA:77,24
DA:78,24
DA:79,24
DA:80,4
DA:82,24
DA:84,24
DA:85,24
DA:95,11
DA:97,11
DA:98,0
DA:99,0
DA:100,0
DA:101,0
DA:106,11
DA:117,26
DA:118,26
DA:119,17
DA:121,26
LF:39
LH:35
BRDA:35,0,0,4
BRDA:35,0,1,0
BRDA:55,1,0,20
BRDA:55,1,1,20
BRDA:55,1,2,8
BRDA:55,1,3,8
BRDA:74,2,0,15
BRDA:74,2,1,9
BRDA:79,3,0,4
BRDA:79,3,1,20
BRDA:100,4,0,0
BRDA:100,4,1,0
BRDA:118,5,0,17
BRDA:118,5,1,9
BRDA:118,6,0,26
BRDA:118,6,1,23
BRDA:118,6,2,18
BRDA:119,7,0,17
BRDA:119,7,1,2
BRF:19
BRH:16
end_of_record
TN:
SF:/home/travis/build/MaibornWolff/codecharta/visualization/app/codeCharta/core/treemap/treemap.js
FNF:0
FNH:0
DA:3,1
DA:4,1
DA:6,1
DA:8,1
LF:4
LH:4
BRF:0
BRH:0
end_of_record
TN:
SF:/home/travis/build/MaibornWolff/codecharta/visualization/app/codeCharta/core/url/url.js
FNF:0
FNH:0
DA:3,1
DA:5,1
DA:7,1
LF:3
LH:3
BRF:0
BRH:0
end_of_record
TN:
SF:/home/travis/build/MaibornWolff/codecharta/visualization/app/codeCharta/core/url/urlService.js
FN:15,UrlService
FN:70,(anonymous_10)
FN:83,(anonymous_12)
FN:87,(anonymous_13)
FN:93,(anonymous_14)
FNF:5
FNH:4
FNDA:95,UrlService
FNDA:8,(anonymous_10)
FNDA:21,(anonymous_12)
FNDA:2,(anonymous_13)
FNDA:0,(anonymous_14)
DA:15,95
DA:18,95
DA:21,95
DA:31,42
DA:41,52
DA:42,47
DA:44,52
DA:45,52
DA:46,52
DA:47,52
DA:48,41
DA:50,11
DA:51,0
DA:53,11
DA:61,43
DA:68,8
DA:70,8
DA:71,8
DA:72,8
DA:81,21
DA:83,21
DA:85,21
DA:86,15
DA:88,2
DA:89,2
DA:91,0
DA:94,0
DA:98,6
LF:28
LH:25
BRDA:41,0,0,47
BRDA:41,0,1,5
BRDA:47,1,0,41
BRDA:47,1,1,11
BRDA:50,2,0,0
BRDA:50,2,1,11
BRDA:85,3,0,15
BRDA:85,3,1,6
BRDA:85,4,0,21
BRDA:85,4,1,15
BRDA:88,5,0,2
BRDA:88,5,1,0
BRF:12
BRH:10
end_of_record
TN:
SF:/home/travis/build/MaibornWolff/codecharta/visualization/app/codeCharta/core/url/urlService.spec.js
FN:6,(anonymous_0)
FN:11,(anonymous_1)
FN:20,(anonymous_2)
FN:28,(anonymous_3)
FN:58,(anonymous_4)
FN:70,(anonymous_5)
FN:73,(anonymous_6)
FN:82,(anonymous_7)
FN:94,(anonymous_8)
FN:97,(anonymous_9)
FNF:10
FNH:8
FNDA:1,(anonymous_0)
FNDA:4,(anonymous_1)
FNDA:1,(anonymous_2)
FNDA:1,(anonymous_3)
FNDA:1,(anonymous_4)
FNDA:1,(anonymous_5)
FNDA:0,(anonymous_6)
FNDA:1,(anonymous_7)
FNDA:1,(anonymous_8)
FNDA:0,(anonymous_9)
DA:1,1
DA:6,1
DA:10,1
DA:11,1
DA:12,4
DA:13,4
DA:14,4
DA:20,1
DA:21,1
DA:22,1
DA:28,1
DA:30,1
DA:31,1
DA:32,1
DA:33,1
DA:34,1
DA:35,1
DA:36,1
DA:38,1
DA:40,1
DA:41,1
DA:43,1
DA:44,1
DA:46,1
DA:48,1
DA:49,1
DA:50,1
DA:52,1
DA:53,1
DA:54,1
DA:58,1
DA:61,1
DA:63,1
DA:67,1
DA:69,1
DA:71,1
DA:72,1
DA:74,0
DA:78,1
DA:82,1
DA:85,1
DA:87,1
DA:91,1
DA:93,1
DA:95,1
DA:96,1
DA:98,0
DA:102,1
LF:48
LH:46
BRF:0
BRH:0
end_of_record
TN:
SF:/home/travis/build/MaibornWolff/codecharta/visualization/app/codeCharta/ui/ui.js
FNF:0
FNH:0
DA:3,1
DA:4,1
DA:5,1
DA:6,1
DA:7,1
DA:8,1
DA:9,1
DA:10,1
DA:12,1
LF:9
LH:9
BRF:0
BRH:0
end_of_record
TN:
SF:/home/travis/build/MaibornWolff/codecharta/visualization/app/codeCharta/ui/common/common.js
FNF:0
FNH:0
DA:3,1
DA:4,1
DA:5,1
DA:6,1
DA:7,1
DA:8,1
DA:9,1
DA:11,1
LF:8
LH:8
BRF:0
BRH:0
end_of_record
TN:
SF:/home/travis/build/MaibornWolff/codecharta/visualization/app/codeCharta/ui/common/checkbox/checkbox.js
FN:9,(anonymous_0)
FNF:1
FNH:0
FNDA:0,(anonymous_0)
DA:3,1
DA:5,1
DA:7,1
DA:9,0
LF:4
LH:3
BRF:0
BRH:0
end_of_record
TN:
SF:/home/travis/build/MaibornWolff/codecharta/visualization/app/codeCharta/ui/common/checkbox/checkboxDirective.js
FN:11,CheckboxDirective
FN:41,(anonymous_7)
FN:42,(anonymous_8)
FNF:3
FNH:0
FNDA:0,CheckboxDirective
FNDA:0,(anonymous_7)
FNDA:0,(anonymous_8)
DA:11,0
DA:14,0
DA:17,0
DA:27,0
DA:40,0
DA:41,0
DA:42,0
LF:7
LH:0
BRF:0
BRH:0
end_of_record
TN:
SF:/home/travis/build/MaibornWolff/codecharta/visualization/app/codeCharta/ui/common/checkbox/checkboxDirective.spec.js
FN:6,(anonymous_0)
FN:11,(anonymous_1)
FN:13,(anonymous_2)
FN:24,(anonymous_3)
FN:35,(anonymous_4)
FNF:5
FNH:1
FNDA:1,(anonymous_0)
FNDA:0,(anonymous_1)
FNDA:0,(anonymous_2)
FNDA:0,(anonymous_3)
FNDA:0,(anonymous_4)
DA:1,1
DA:6,1
DA:11,1
DA:13,0
DA:14,0
DA:15,0
DA:18,0
DA:19,0
DA:24,1
DA:25,0
DA:26,0
DA:27,0
DA:28,0
DA:29,0
DA:35,1
DA:36,0
DA:37,0
DA:38,0
LF:18
LH:5
BRF:0
BRH:0
end_of_record
TN:
SF:/home/travis/build/MaibornWolff/codecharta/visualization/app/codeCharta/ui/common/collapsible/collapsible.js
FN:9,(anonymous_0)
FNF:1
FNH:1
FNDA:1,(anonymous_0)
DA:3,1
DA:5,1
DA:7,1
DA:9,1
LF:4
LH:4
BRF:0
BRH:0
end_of_record
TN:
SF:/home/travis/build/MaibornWolff/codecharta/visualization/app/codeCharta/ui/common/collapsible/collapsibleDirective.js
FNF:0
FNH:0
DA:10,1
DA:12,1
DA:14,1
DA:16,1
DA:18,1
DA:20,1
LF:6
LH:6
BRF:0
BRH:0
end_of_record
TN:
SF:/home/travis/build/MaibornWolff/codecharta/visualization/app/codeCharta/ui/common/collapsible/collapsibleDirective.spec.js
FN:6,(anonymous_0)
FN:11,(anonymous_1)
FN:13,(anonymous_2)
FN:24,(anonymous_3)
FN:33,(anonymous_4)
FNF:5
FNH:5
FNDA:1,(anonymous_0)
FNDA:1,(anonymous_1)
FNDA:1,(anonymous_2)
FNDA:1,(anonymous_3)
FNDA:1,(anonymous_4)
DA:1,1
DA:6,1
DA:11,1
DA:13,1
DA:14,1
DA:15,1
DA:18,1
DA:19,1
DA:24,1
DA:25,1
DA:26,1
DA:27,1
DA:33,1
DA:34,1
LF:14
LH:14
BRF:0
BRH:0
end_of_record
TN:
SF:/home/travis/build/MaibornWolff/codecharta/visualization/app/codeCharta/ui/common/collapsibleElement/collapsibleElement.js
FN:9,(anonymous_0)
FNF:1
FNH:0
FNDA:0,(anonymous_0)
DA:3,1
DA:5,1
DA:7,1
DA:9,0
LF:4
LH:3
BRF:0
BRH:0
end_of_record
TN:
SF:/home/travis/build/MaibornWolff/codecharta/visualization/app/codeCharta/ui/common/collapsibleElement/collapsibleElementDirective.js
FN:11,CollapsibleElementDirective
FN:46,onOpen
FN:46,(anonymous_8)
FNF:3
FNH:0
FNDA:0,CollapsibleElementDirective
FNDA:0,onOpen
FNDA:0,(anonymous_8)
DA:11,0
DA:14,0
DA:16,0
DA:17,0
DA:23,0
DA:29,0
DA:32,0
DA:35,0
DA:43,0
DA:44,0
DA:46,0
DA:48,0
LF:12
LH:0
BRF:0
BRH:0
end_of_record
TN:
SF:/home/travis/build/MaibornWolff/codecharta/visualization/app/codeCharta/ui/common/dropdown/dropdown.js
FN:11,(anonymous_0)
FNF:1
FNH:0
FNDA:0,(anonymous_0)
DA:3,1
DA:4,1
DA:5,1
DA:7,1
DA:9,1
DA:11,0
DA:14,1
LF:7
LH:6
BRF:0
BRH:0
end_of_record
TN:
SF:/home/travis/build/MaibornWolff/codecharta/visualization/app/codeCharta/ui/common/dropdown/dropdownController.js
FN:14,DropdownController
FN:17,(anonymous_6)
FNF:2
FNH:1
FNDA:1,DropdownController
FNDA:0,(anonymous_6)
DA:14,1
DA:15,1
DA:17,1
DA:18,0
DA:29,1
LF:5
LH:4
BRF:0
BRH:0
end_of_record
TN:
SF:/home/travis/build/MaibornWolff/codecharta/visualization/app/codeCharta/ui/common/dropdown/dropdownController.spec.js
FN:5,(anonymous_0)
FN:11,(anonymous_1)
FN:21,(anonymous_2)
FN:25,(anonymous_3)
FN:33,(anonymous_4)
FNF:5
FNH:5
FNDA:1,(anonymous_0)
FNDA:1,(anonymous_1)
FNDA:1,(anonymous_2)
FNDA:1,(anonymous_3)
FNDA:1,(anonymous_4)
DA:1,1
DA:5,1
DA:9,1
DA:11,1
DA:12,1
DA:13,1
DA:14,1
DA:21,1
DA:22,1
DA:25,1
DA:26,1
DA:33,1
DA:34,1
DA:35,1
DA:36,1
LF:15
LH:15
BRF:0
BRH:0
end_of_record
TN:
SF:/home/travis/build/MaibornWolff/codecharta/visualization/app/codeCharta/ui/common/dropdown/dropdownDirective.js
FN:12,DropdownDirective
FN:57,(anonymous_7)
FN:58,(anonymous_8)
FNF:3
FNH:0
FNDA:0,DropdownDirective
FNDA:0,(anonymous_7)
FNDA:0,(anonymous_8)
DA:2,1
DA:12,0
DA:15,0
DA:18,0
DA:24,0
DA:35,0
DA:41,0
DA:47,0
DA:56,0
DA:57,0
DA:58,0
LF:11
LH:1
BRF:0
BRH:0
end_of_record
TN:
SF:/home/travis/build/MaibornWolff/codecharta/visualization/app/codeCharta/ui/common/fab/fab.js
FN:9,(anonymous_0)
FNF:1
FNH:0
FNDA:0,(anonymous_0)
DA:3,1
DA:5,1
DA:7,1
DA:9,0
LF:4
LH:3
BRF:0
BRH:0
end_of_record
TN:
SF:/home/travis/build/MaibornWolff/codecharta/visualization/app/codeCharta/ui/common/fab/fabDirective.js
FN:11,FabDirective
FN:37,(anonymous_7)
FNF:2
FNH:0
FNDA:0,FabDirective
FNDA:0,(anonymous_7)
DA:11,0
DA:13,0
DA:16,0
DA:23,0
DA:37,0
DA:38,0
LF:6
LH:0
BRF:0
BRH:0
end_of_record
TN:
SF:/home/travis/build/MaibornWolff/codecharta/visualization/app/codeCharta/ui/common/numberField/numberField.js
FN:9,(anonymous_0)
FNF:1
FNH:0
FNDA:0,(anonymous_0)
DA:3,1
DA:5,1
DA:7,1
DA:9,0
LF:4
LH:3
BRF:0
BRH:0
end_of_record
TN:
SF:/home/travis/build/MaibornWolff/codecharta/visualization/app/codeCharta/ui/common/numberField/numberFieldDirective.js
FN:8,NumberFieldDirective
FN:33,(anonymous_7)
FN:34,(anonymous_8)
FNF:3
FNH:0
FNDA:0,NumberFieldDirective
FNDA:0,(anonymous_7)
FNDA:0,(anonymous_8)
DA:8,0
DA:10,0
DA:13,0
DA:19,0
DA:32,0
DA:33,0
DA:34,0
LF:7
LH:0
BRF:0
BRH:0
end_of_record
TN:
SF:/home/travis/build/MaibornWolff/codecharta/visualization/app/codeCharta/ui/common/slider/slider.js
FN:9,(anonymous_0)
FNF:1
FNH:0
FNDA:0,(anonymous_0)
DA:3,1
DA:5,1
DA:7,1
DA:9,0
LF:4
LH:3
BRF:0
BRH:0
end_of_record
TN:
SF:/home/travis/build/MaibornWolff/codecharta/visualization/app/codeCharta/ui/common/slider/sliderDirective.js
FN:11,SliderDirective
FN:40,(anonymous_7)
FN:41,(anonymous_8)
FNF:3
FNH:0
FNDA:0,SliderDirective
FNDA:0,(anonymous_7)
FNDA:0,(anonymous_8)
DA:11,0
DA:13,0
DA:16,0
DA:22,0
DA:39,0
DA:40,0
DA:41,0
LF:7
LH:0
BRF:0
BRH:0
end_of_record
TN:
SF:/home/travis/build/MaibornWolff/codecharta/visualization/app/codeCharta/ui/detailPanel/detailPanel.js
FN:20,(anonymous_0)
FNF:1
FNH:0
FNDA:0,(anonymous_0)
DA:3,1
DA:4,1
DA:6,1
DA:7,1
DA:9,1
DA:14,1
DA:18,1
DA:20,0
LF:8
LH:7
BRF:0
BRH:0
end_of_record
TN:
SF:/home/travis/build/MaibornWolff/codecharta/visualization/app/codeCharta/ui/detailPanel/detailPanelController.js
FN:16,DetailPanelController
FN:130,(anonymous_6)
FN:136,(anonymous_7)
FN:142,(anonymous_8)
FN:212,(anonymous_15)
FN:229,(anonymous_17)
FN:245,(anonymous_19)
FN:261,(anonymous_21)
FNF:8
FNH:4
FNDA:11,DetailPanelController
FNDA:1,(anonymous_6)
FNDA:1,(anonymous_7)
FNDA:1,(anonymous_8)
FNDA:0,(anonymous_15)
FNDA:0,(anonymous_17)
FNDA:0,(anonymous_19)
FNDA:0,(anonymous_21)
DA:16,11
DA:22,11
DA:35,11
DA:57,11
DA:72,11
DA:94,11
DA:104,11
DA:110,11
DA:116,11
DA:122,11
DA:124,11
DA:129,11
DA:130,11
DA:131,1
DA:135,11
DA:136,11
DA:137,1
DA:141,11
DA:142,11
DA:152,12
DA:153,12
DA:154,12
DA:163,15
DA:164,1
DA:166,14
DA:176,15
DA:177,1
DA:179,14
DA:188,3
DA:189,1
DA:191,2
DA:200,3
DA:201,1
DA:203,2
DA:212,0
DA:213,0
DA:214,0
DA:215,0
DA:216,0
DA:217,0
DA:218,0
DA:219,0
DA:220,0
DA:229,0
DA:230,0
DA:231,0
DA:232,0
DA:233,0
DA:234,0
DA:235,0
DA:236,0
DA:237,0
DA:245,11
DA:246,0
DA:247,0
DA:248,0
DA:249,0
DA:250,0
DA:251,0
DA:252,0
DA:253,0
DA:261,11
DA:262,0
DA:263,0
DA:264,0
DA:265,0
DA:266,0
DA:267,0
DA:268,0
DA:269,0
LF:70
LH:36
BRDA:163,0,0,1
BRDA:163,0,1,14
BRDA:163,1,0,15
BRDA:163,1,1,2
BRDA:176,2,0,1
BRDA:176,2,1,14
BRDA:176,3,0,15
BRDA:176,3,1,2
BRDA:188,4,0,1
BRDA:188,4,1,2
BRDA:188,5,0,3
BRDA:188,5,1,3
BRDA:189,6,0,1
BRDA:189,6,1,0
BRDA:200,7,0,1
BRDA:200,7,1,2
BRDA:200,8,0,3
BRDA:200,8,1,3
BRDA:201,9,0,1
BRDA:201,9,1,0
BRDA:214,10,0,0
BRDA:214,10,1,0
BRDA:215,11,0,0
BRDA:215,11,1,0
BRDA:216,12,0,0
BRDA:216,12,1,0
BRDA:217,13,0,0
BRDA:217,13,1,0
BRDA:217,14,0,0
BRDA:217,14,1,0
BRDA:218,15,0,0
BRDA:218,15,1,0
BRDA:219,16,0,0
BRDA:219,16,1,0
BRDA:231,17,0,0
BRDA:231,17,1,0
BRDA:232,18,0,0
BRDA:232,18,1,0
BRDA:233,19,0,0
BRDA:233,19,1,0
BRDA:234,20,0,0
BRDA:234,20,1,0
BRDA:235,21,0,0
BRDA:235,21,1,0
BRDA:236,22,0,0
BRDA:236,22,1,0
BRF:46
BRH:18
end_of_record
TN:
SF:/home/travis/build/MaibornWolff/codecharta/visualization/app/codeCharta/ui/detailPanel/detailPanelController.spec.js
FN:5,(anonymous_0)
FN:11,(anonymous_1)
FN:15,(anonymous_2)
FN:17,positive
FN:18,neutral
FN:19,negative
FN:20,odd
FN:21,even
FN:22,selected
FN:23,hovered
FN:24,_default
FN:25,positiveDelta
FN:26,negativeDelta
FN:32,(anonymous_13)
FN:43,(anonymous_14)
FN:48,(anonymous_15)
FN:49,(anonymous_16)
FN:59,(anonymous_17)
FN:60,(anonymous_18)
FN:70,(anonymous_19)
FN:71,(anonymous_20)
FN:83,(anonymous_21)
FN:98,(anonymous_22)
FN:112,(anonymous_23)
FN:140,(anonymous_24)
FN:154,(anonymous_25)
FN:180,(anonymous_26)
FN:186,(anonymous_27)
FN:196,(anonymous_28)
FN:209,(anonymous_29)
FNF:30
FNH:20
FNDA:1,(anonymous_0)
FNDA:11,(anonymous_1)
FNDA:11,(anonymous_2)
FNDA:0,positive
FNDA:0,neutral
FNDA:0,negative
FNDA:0,odd
FNDA:0,even
FNDA:0,selected
FNDA:0,hovered
FNDA:0,_default
FNDA:0,positiveDelta
FNDA:0,negativeDelta
FNDA:11,(anonymous_13)
FNDA:1,(anonymous_14)
FNDA:1,(anonymous_15)
FNDA:1,(anonymous_16)
FNDA:1,(anonymous_17)
FNDA:1,(anonymous_18)
FNDA:1,(anonymous_19)
FNDA:1,(anonymous_20)
FNDA:1,(anonymous_21)
FNDA:1,(anonymous_22)
FNDA:1,(anonymous_23)
FNDA:1,(anonymous_24)
FNDA:1,(anonymous_25)
FNDA:1,(anonymous_26)
FNDA:1,(anonymous_27)
FNDA:1,(anonymous_28)
FNDA:1,(anonymous_29)
DA:1,1
DA:5,1
DA:9,1
DA:11,1
DA:13,11
DA:15,11
DA:16,11
DA:17,0
DA:18,0
DA:19,0
DA:20,0
DA:21,0
DA:22,0
DA:23,0
DA:24,0
DA:25,0
DA:26,0
DA:32,1
DA:33,11
DA:34,11
DA:35,11
DA:36,11
DA:37,11
DA:43,1
DA:48,1
DA:49,1
DA:50,1
DA:51,1
DA:53,1
DA:59,1
DA:60,1
DA:61,1
DA:62,1
DA:64,1
DA:70,1
DA:71,1
DA:72,1
DA:73,1
DA:75,1
DA:83,1
DA:84,1
DA:89,1
DA:90,1
DA:91,1
DA:92,1
DA:98,1
DA:99,1
DA:104,1
DA:105,1
DA:106,1
DA:112,1
DA:114,1
DA:119,1
DA:120,1
DA:121,1
DA:123,1
DA:128,1
DA:129,1
DA:131,1
DA:132,1
DA:133,1
DA:140,1
DA:141,1
DA:146,1
DA:147,1
DA:148,1
DA:154,1
DA:155,1
DA:160,1
DA:161,1
DA:162,1
DA:164,1
DA:169,1
DA:170,1
DA:172,1
DA:173,1
DA:174,1
DA:180,1
DA:186,1
DA:187,1
DA:188,1
DA:189,1
DA:196,1
DA:197,1
DA:201,1
DA:202,1
DA:209,1
DA:210,1
DA:218,1
DA:219,1
LF:90
LH:80
BRF:0
BRH:0
end_of_record
TN:
SF:/home/travis/build/MaibornWolff/codecharta/visualization/app/codeCharta/ui/detailPanel/detailPanelDirective.js
FNF:0
FNH:0
DA:3,1
DA:13,0
DA:18,0
DA:24,0
DA:30,0
DA:36,0
DA:42,0
DA:48,0
LF:8
LH:1
BRF:0
BRH:0
end_of_record
TN:
SF:/home/travis/build/MaibornWolff/codecharta/visualization/app/codeCharta/ui/detailPanel/detailPanelDirective.spec.js
FN:5,(anonymous_0)
FN:9,(anonymous_1)
FN:11,(anonymous_2)
FN:22,(anonymous_3)
FN:26,(anonymous_4)
FN:34,(anonymous_5)
FNF:6
FNH:1
FNDA:1,(anonymous_0)
FNDA:0,(anonymous_1)
FNDA:0,(anonymous_2)
FNDA:0,(anonymous_3)
FNDA:0,(anonymous_4)
FNDA:0,(anonymous_5)
DA:1,1
DA:5,1
DA:9,1
DA:11,0
DA:12,0
DA:13,0
DA:16,0
DA:18,0
DA:22,1
DA:23,0
DA:26,1
DA:27,0
DA:28,0
DA:34,1
DA:36,0
DA:49,0
DA:51,0
DA:53,0
LF:18
LH:6
BRF:0
BRH:0
end_of_record
TN:
SF:/home/travis/build/MaibornWolff/codecharta/visualization/app/codeCharta/ui/fabBar/fabBar.js
FN:10,(anonymous_0)
FNF:1
FNH:0
FNDA:0,(anonymous_0)
DA:3,1
DA:4,1
DA:6,1
DA:8,1
DA:10,0
LF:5
LH:4
BRF:0
BRH:0
end_of_record
TN:
SF:/home/travis/build/MaibornWolff/codecharta/visualization/app/codeCharta/ui/fabBar/fabBarDirective.js
FNF:0
FNH:0
DA:11,0
DA:17,0
DA:23,0
DA:29,0
LF:4
LH:0
BRF:0
BRH:0
end_of_record
TN:
SF:/home/travis/build/MaibornWolff/codecharta/visualization/app/codeCharta/ui/fileChooser/fileChooser.js
FN:16,(anonymous_0)
FN:21,(anonymous_1)
FNF:2
FNH:0
FNDA:0,(anonymous_0)
FNDA:0,(anonymous_1)
DA:3,1
DA:4,1
DA:5,1
DA:6,1
DA:8,1
DA:10,1
DA:14,1
DA:16,0
DA:19,1
DA:21,0
LF:10
LH:8
BRF:0
BRH:0
end_of_record
TN:
SF:/home/travis/build/MaibornWolff/codecharta/visualization/app/codeCharta/ui/fileChooser/fileChooserController.js
FN:15,FileChooserController
FN:36,(anonymous_7)
FN:39,(anonymous_8)
FN:72,(anonymous_11)
FN:77,(anonymous_12)
FN:90,(anonymous_14)
FNF:6
FNH:2
FNDA:1,FileChooserController
FNDA:0,(anonymous_7)
FNDA:0,(anonymous_8)
FNDA:0,(anonymous_11)
FNDA:0,(anonymous_12)
FNDA:1,(anonymous_14)
DA:15,1
DA:21,1
DA:27,1
DA:35,0
DA:36,0
DA:37,0
DA:38,0
DA:39,0
DA:40,0
DA:42,0
DA:51,0
DA:53,0
DA:54,0
DA:57,0
DA:58,0
DA:61,0
DA:70,0
DA:71,0
DA:73,0
DA:74,0
DA:78,0
DA:89,1
DA:90,1
DA:91,1
LF:24
LH:6
BRDA:73,0,0,0
BRDA:73,0,1,0
BRDA:73,1,0,0
BRDA:73,1,1,0
BRF:4
BRH:0
end_of_record
TN:
SF:/home/travis/build/MaibornWolff/codecharta/visualization/app/codeCharta/ui/fileChooser/fileChooserController.spec.js
FN:6,(anonymous_0)
FN:12,(anonymous_1)
FN:26,(anonymous_2)
FN:45,(anonymous_3)
FN:49,(anonymous_4)
FN:53,(anonymous_5)
FN:60,(anonymous_6)
FN:62,then
FN:73,(anonymous_8)
FNF:9
FNH:6
FNDA:1,(anonymous_0)
FNDA:4,(anonymous_1)
FNDA:0,(anonymous_2)
FNDA:1,(anonymous_3)
FNDA:1,(anonymous_4)
FNDA:1,(anonymous_5)
FNDA:0,(anonymous_6)
FNDA:0,then
FNDA:1,(anonymous_8)
DA:1,1
DA:6,1
DA:10,1
DA:12,1
DA:13,4
DA:14,4
DA:15,4
DA:16,4
DA:19,4
DA:26,1
DA:28,0
DA:34,0
DA:36,0
DA:39,0
DA:41,0
DA:45,1
DA:49,1
DA:53,1
DA:60,1
DA:61,0
DA:62,0
DA:64,0
DA:65,0
DA:66,0
DA:67,0
DA:73,1
DA:74,1
DA:75,1
DA:77,1
DA:78,1
DA:80,1
DA:81,1
LF:32
LH:21
BRF:0
BRH:0
end_of_record
TN:
SF:/home/travis/build/MaibornWolff/codecharta/visualization/app/codeCharta/ui/fileChooser/fileChooserDirective.js
FN:13,FileChooserDirective
FNF:1
FNH:0
FNDA:0,FileChooserDirective
DA:3,1
DA:13,0
DA:19,0
DA:25,0
DA:31,0
DA:37,0
DA:43,0
DA:49,0
DA:57,0
LF:9
LH:1
BRF:0
BRH:0
end_of_record
TN:
SF:/home/travis/build/MaibornWolff/codecharta/visualization/app/codeCharta/ui/fileChooser/fileChooserPanelDirective.js
FN:11,FileChooserPanelDirective
FNF:1
FNH:0
FNDA:0,FileChooserPanelDirective
DA:11,0
DA:17,0
DA:23,0
DA:29,0
DA:36,0
LF:5
LH:0
BRF:0
BRH:0
end_of_record
TN:
SF:/home/travis/build/MaibornWolff/codecharta/visualization/app/codeCharta/ui/legendPanel/legendPanel.js
FN:17,(anonymous_0)
FNF:1
FNH:0
FNDA:0,(anonymous_0)
DA:3,1
DA:4,1
DA:6,1
DA:7,1
DA:9,1
DA:11,1
DA:15,1
DA:17,0
LF:8
LH:7
BRF:0
BRH:0
end_of_record
TN:
SF:/home/travis/build/MaibornWolff/codecharta/visualization/app/codeCharta/ui/legendPanel/legendPanelController.js
FN:6,LegendPanelController
FN:14,(anonymous_6)
FN:15,(anonymous_7)
FN:24,(anonymous_9)
FN:25,(anonymous_10)
FNF:5
FNH:1
FNDA:6,LegendPanelController
FNDA:0,(anonymous_6)
FNDA:0,(anonymous_7)
FNDA:0,(anonymous_9)
FNDA:0,(anonymous_10)
DA:6,6
DA:8,6
DA:9,6
DA:11,6
DA:12,6
DA:13,6
DA:14,6
DA:15,6
DA:19,6
DA:20,6
DA:21,0
DA:22,0
DA:23,0
DA:24,0
DA:25,0
DA:30,6
DA:31,6
DA:32,6
DA:33,6
DA:35,6
DA:36,6
DA:37,6
DA:38,6
DA:40,6
DA:41,6
DA:42,6
DA:43,6
DA:47,25
DA:48,25
DA:49,25
DA:53,28
DA:54,28
DA:55,6
DA:57,28
DA:62,31
DA:66,65
DA:67,65
DA:68,65
DA:69,65
DA:70,65
DA:71,65
DA:76,26
LF:42
LH:37
BRDA:20,0,0,0
BRDA:20,0,1,6
BRDA:20,1,0,6
BRDA:20,1,1,0
BRDA:20,1,2,0
BRDA:54,2,0,6
BRDA:54,2,1,22
BRF:7
BRH:4
end_of_record
TN:
SF:/home/travis/build/MaibornWolff/codecharta/visualization/app/codeCharta/ui/legendPanel/legendPanelController.spec.js
FN:3,(anonymous_0)
FN:9,(anonymous_1)
FN:13,(anonymous_2)
FN:15,positive
FN:16,neutral
FN:17,negative
FN:18,odd
FN:19,even
FN:20,selected
FN:21,_default
FN:22,positiveDelta
FN:23,negativeDelta
FN:29,(anonymous_12)
FN:38,(anonymous_13)
FN:42,(anonymous_14)
FN:46,(anonymous_15)
FN:50,(anonymous_16)
FN:56,(anonymous_17)
FN:62,(anonymous_18)
FNF:19
FNH:14
FNDA:1,(anonymous_0)
FNDA:6,(anonymous_1)
FNDA:6,(anonymous_2)
FNDA:6,positive
FNDA:6,neutral
FNDA:6,negative
FNDA:0,odd
FNDA:0,even
FNDA:6,selected
FNDA:0,_default
FNDA:0,positiveDelta
FNDA:0,negativeDelta
FNDA:6,(anonymous_12)
FNDA:1,(anonymous_13)
FNDA:1,(anonymous_14)
FNDA:1,(anonymous_15)
FNDA:1,(anonymous_16)
FNDA:1,(anonymous_17)
FNDA:1,(anonymous_18)
DA:1,1
DA:3,1
DA:7,1
DA:9,1
DA:11,6
DA:13,6
DA:14,6
DA:15,6
DA:16,6
DA:17,6
DA:18,0
DA:19,0
DA:20,6
DA:21,0
DA:22,0
DA:23,0
DA:29,1
DA:30,6
DA:31,6
DA:32,6
DA:33,6
DA:34,6
DA:35,6
DA:38,1
DA:39,1
DA:42,1
DA:43,1
DA:46,1
DA:47,1
DA:50,1
DA:51,1
DA:52,1
DA:53,1
DA:56,1
DA:57,1
DA:58,1
DA:59,1
DA:62,1
DA:63,1
DA:64,1
DA:65,1
LF:41
LH:36
BRF:0
BRH:0
end_of_record
TN:
SF:/home/travis/build/MaibornWolff/codecharta/visualization/app/codeCharta/ui/legendPanel/legendPanelDirective.js
FN:13,LegendPanelDirective
FNF:1
FNH:0
FNDA:0,LegendPanelDirective
DA:3,1
DA:13,0
DA:19,0
DA:25,0
DA:31,0
DA:37,0
DA:43,0
DA:49,0
DA:55,0
DA:64,0
DA:71,0
DA:72,0
DA:73,0
DA:75,0
DA:76,0
LF:15
LH:1
BRDA:71,0,0,0
BRDA:71,0,1,0
BRF:2
BRH:0
end_of_record
TN:
SF:/home/travis/build/MaibornWolff/codecharta/visualization/app/codeCharta/ui/revisionChooser/revisionChooser.js
FN:16,(anonymous_0)
FNF:1
FNH:0
FNDA:0,(anonymous_0)
DA:3,1
DA:4,1
DA:5,1
DA:7,1
DA:9,1
DA:14,1
DA:16,0
LF:7
LH:6
BRF:0
BRH:0
end_of_record
TN:
SF:/home/travis/build/MaibornWolff/codecharta/visualization/app/codeCharta/ui/revisionChooser/revisionChooserController.js
FN:16,RevisionChooserController
FN:32,(anonymous_6)
FNF:2
FNH:2
FNDA:3,RevisionChooserController
FNDA:1,(anonymous_6)
DA:16,3
DA:22,3
DA:28,3
DA:30,3
DA:32,3
DA:40,1
DA:48,1
LF:7
LH:7
BRF:0
BRH:0
end_of_record
TN:
SF:/home/travis/build/MaibornWolff/codecharta/visualization/app/codeCharta/ui/revisionChooser/revisionChooserController.spec.js
FN:6,(anonymous_0)
FN:12,(anonymous_1)
FN:22,(anonymous_2)
FN:31,(anonymous_3)
FN:42,(anonymous_4)
FNF:5
FNH:5
FNDA:1,(anonymous_0)
FNDA:3,(anonymous_1)
FNDA:1,(anonymous_2)
FNDA:1,(anonymous_3)
FNDA:1,(anonymous_4)
DA:1,1
DA:6,1
DA:10,1
DA:12,1
DA:13,3
DA:14,3
DA:15,3
DA:16,3
DA:22,1
DA:23,1
DA:24,1
DA:31,1
DA:33,1
DA:35,1
DA:42,1
DA:44,1
DA:45,1
DA:46,1
LF:18
LH:18
BRF:0
BRH:0
end_of_record
TN:
SF:/home/travis/build/MaibornWolff/codecharta/visualization/app/codeCharta/ui/revisionChooser/revisionChooserDirective.js
FN:13,RevisionChooserDirective
FNF:1
FNH:1
FNDA:1,RevisionChooserDirective
DA:3,1
DA:13,1
DA:18,1
DA:24,1
DA:30,1
DA:36,1
DA:42,1
DA:48,1
DA:54,1
DA:63,0
DA:70,1
DA:71,0
DA:72,0
DA:75,1
DA:76,1
LF:15
LH:12
BRDA:70,0,0,0
BRDA:70,0,1,1
BRF:2
BRH:1
end_of_record
TN:
SF:/home/travis/build/MaibornWolff/codecharta/visualization/app/codeCharta/ui/revisionChooser/revisionChooserDirective.spec.js
FN:6,(anonymous_0)
FN:10,(anonymous_1)
FN:17,(anonymous_2)
FNF:3
FNH:3
FNDA:1,(anonymous_0)
FNDA:1,(anonymous_1)
FNDA:1,(anonymous_2)
DA:1,1
DA:6,1
DA:10,1
DA:11,1
DA:17,1
DA:18,1
DA:19,1
DA:20,1
LF:8
LH:8
BRF:0
BRH:0
end_of_record
TN:
SF:/home/travis/build/MaibornWolff/codecharta/visualization/app/codeCharta/ui/scenarioButtons/scenarioButtons.js
FN:11,(anonymous_0)
FNF:1
FNH:0
FNDA:0,(anonymous_0)
DA:3,1
DA:4,1
DA:5,1
DA:7,1
DA:9,1
DA:11,0
DA:14,1
LF:7
LH:6
BRF:0
BRH:0
end_of_record
TN:
SF:/home/travis/build/MaibornWolff/codecharta/visualization/app/codeCharta/ui/scenarioButtons/scenarioButtonsController.js
FN:13,ScenarioButtonsController
FN:36,(anonymous_6)
FNF:2
FNH:1
FNDA:1,ScenarioButtonsController
FNDA:0,(anonymous_6)
DA:13,1
DA:20,1
DA:26,1
DA:32,1
DA:34,1
DA:36,1
DA:37,0
DA:48,1
DA:56,0
LF:9
LH:7
BRF:0
BRH:0
end_of_record
TN:
SF:/home/travis/build/MaibornWolff/codecharta/visualization/app/codeCharta/ui/scenarioButtons/scenarioButtonsController.spec.js
FN:6,(anonymous_0)
FN:12,(anonymous_1)
FN:23,(anonymous_2)
FNF:3
FNH:3
FNDA:1,(anonymous_0)
FNDA:1,(anonymous_1)
FNDA:1,(anonymous_2)
DA:1,1
DA:6,1
DA:10,1
DA:12,1
DA:13,1
DA:14,1
DA:15,1
DA:16,1
DA:17,1
DA:23,1
DA:24,1
DA:25,1
DA:26,1
DA:27,1
LF:14
LH:14
BRF:0
BRH:0
end_of_record
TN:
SF:/home/travis/build/MaibornWolff/codecharta/visualization/app/codeCharta/ui/scenarioButtons/scenarioButtonsDirective.js
FNF:0
FNH:0
DA:3,1
DA:13,0
DA:19,0
DA:25,0
DA:31,0
DA:37,0
DA:43,0
DA:49,0
LF:8
LH:1
BRF:0
BRH:0
end_of_record
TN:
SF:/home/travis/build/MaibornWolff/codecharta/visualization/app/codeCharta/ui/settingsPanel/index.js
FNF:0
FNH:0
DA:3,1
DA:4,1
DA:5,1
DA:6,1
DA:8,1
DA:10,1
LF:6
LH:6
BRF:0
BRH:0
end_of_record
TN:
SF:/home/travis/build/MaibornWolff/codecharta/visualization/app/codeCharta/ui/settingsPanel/settingsPanel.js
FN:18,SettingsPanelController
FN:45,(anonymous_6)
FN:46,(anonymous_7)
FNF:3
FNH:2
FNDA:7,SettingsPanelController
FNDA:1,(anonymous_6)
FNDA:0,(anonymous_7)
DA:18,7
DA:20,7
DA:25,7
DA:27,7
DA:33,7
DA:43,7
DA:45,7
DA:46,7
DA:51,1
DA:59,0
DA:67,1
DA:74,1
DA:83,9
DA:88,1
LF:14
LH:13
BRF:0
BRH:0
end_of_record
TN:
SF:/home/travis/build/MaibornWolff/codecharta/visualization/app/codeCharta/ui/settingsPanel/settingsPanelController.spec.js
FN:6,(anonymous_0)
FN:10,(anonymous_1)
FN:24,(anonymous_2)
FN:34,(anonymous_3)
FN:53,(anonymous_4)
FN:62,(anonymous_5)
FN:76,(anonymous_6)
FN:78,(anonymous_7)
FN:91,(anonymous_8)
FN:102,(anonymous_9)
FNF:10
FNH:10
FNDA:1,(anonymous_0)
FNDA:6,(anonymous_1)
FNDA:6,(anonymous_2)
FNDA:1,(anonymous_3)
FNDA:1,(anonymous_4)
FNDA:1,(anonymous_5)
FNDA:1,(anonymous_6)
FNDA:1,(anonymous_7)
FNDA:1,(anonymous_8)
FNDA:1,(anonymous_9)
DA:1,1
DA:6,1
DA:8,1
DA:10,1
DA:13,6
DA:16,6
DA:20,6
DA:24,1
DA:25,6
DA:26,6
DA:27,6
DA:28,6
DA:34,1
DA:36,1
DA:38,1
DA:39,1
DA:40,1
DA:42,1
DA:44,1
DA:45,1
DA:46,1
DA:53,1
DA:54,1
DA:55,1
DA:56,1
DA:62,1
DA:64,1
DA:65,1
DA:67,1
DA:68,1
DA:69,1
DA:76,1
DA:78,1
DA:80,1
DA:82,1
DA:83,1
DA:84,1
DA:91,1
DA:93,1
DA:94,1
DA:95,1
DA:102,1
DA:104,1
DA:105,1
DA:106,1
DA:107,1
DA:108,1
LF:47
LH:47
BRF:0
BRH:0
end_of_record
